{"uid":"da3fa8b61765fe75","name":"test_legacy_relation","fullName":"tests.integration.test_charm#test_legacy_relation","historyId":"ddb23800a47ded4e9571beb9b87e98de","time":{"start":1764064918923,"stop":1764064918923,"duration":0},"description":"\n    arrange: deploy the charm.\n    act: integrate the charm through the smtp-legacy relation and configure it.\n    assert: the charm reaches active status.\n    ","descriptionHtml":"<pre><code>arrange: deploy the charm.\nact: integrate the charm through the smtp-legacy relation and configure it.\nassert: the charm reaches active status.\n</code></pre>\n","status":"broken","statusMessage":"juju.errors.JujuError: ('Unknown series : %s', 'noble')","statusTrace":"Traceback (most recent call last):\n  File \"/home/runner/work/smtp-integrator-operator/smtp-integrator-operator/.tox/integration/lib/python3.10/site-packages/_pytest/runner.py\", line 353, in from_call\n    result: TResult | None = func()\n  File \"/home/runner/work/smtp-integrator-operator/smtp-integrator-operator/.tox/integration/lib/python3.10/site-packages/_pytest/runner.py\", line 245, in <lambda>\n    lambda: runtest_hook(item=item, **kwds),\n  File \"/home/runner/work/smtp-integrator-operator/smtp-integrator-operator/.tox/integration/lib/python3.10/site-packages/pluggy/_hooks.py\", line 512, in __call__\n    return self._hookexec(self.name, self._hookimpls.copy(), kwargs, firstresult)\n  File \"/home/runner/work/smtp-integrator-operator/smtp-integrator-operator/.tox/integration/lib/python3.10/site-packages/pluggy/_manager.py\", line 120, in _hookexec\n    return self._inner_hookexec(hook_name, methods, kwargs, firstresult)\n  File \"/home/runner/work/smtp-integrator-operator/smtp-integrator-operator/.tox/integration/lib/python3.10/site-packages/pluggy/_callers.py\", line 167, in _multicall\n    raise exception\n  File \"/home/runner/work/smtp-integrator-operator/smtp-integrator-operator/.tox/integration/lib/python3.10/site-packages/pluggy/_callers.py\", line 139, in _multicall\n    teardown.throw(exception)\n  File \"/home/runner/work/smtp-integrator-operator/smtp-integrator-operator/.tox/integration/lib/python3.10/site-packages/_pytest/logging.py\", line 843, in pytest_runtest_setup\n    yield\n  File \"/home/runner/work/smtp-integrator-operator/smtp-integrator-operator/.tox/integration/lib/python3.10/site-packages/pluggy/_callers.py\", line 139, in _multicall\n    teardown.throw(exception)\n  File \"/home/runner/work/smtp-integrator-operator/smtp-integrator-operator/.tox/integration/lib/python3.10/site-packages/pluggy/_callers.py\", line 53, in run_old_style_hookwrapper\n    return result.get_result()\n  File \"/home/runner/work/smtp-integrator-operator/smtp-integrator-operator/.tox/integration/lib/python3.10/site-packages/pluggy/_result.py\", line 103, in get_result\n    raise exc.with_traceback(tb)\n  File \"/home/runner/work/smtp-integrator-operator/smtp-integrator-operator/.tox/integration/lib/python3.10/site-packages/pluggy/_callers.py\", line 38, in run_old_style_hookwrapper\n    res = yield\n  File \"/home/runner/work/smtp-integrator-operator/smtp-integrator-operator/.tox/integration/lib/python3.10/site-packages/pluggy/_callers.py\", line 139, in _multicall\n    teardown.throw(exception)\n  File \"/home/runner/work/smtp-integrator-operator/smtp-integrator-operator/.tox/integration/lib/python3.10/site-packages/_pytest/capture.py\", line 895, in pytest_runtest_setup\n    return (yield)\n  File \"/home/runner/work/smtp-integrator-operator/smtp-integrator-operator/.tox/integration/lib/python3.10/site-packages/pluggy/_callers.py\", line 121, in _multicall\n    res = hook_impl.function(*args)\n  File \"/home/runner/work/smtp-integrator-operator/smtp-integrator-operator/.tox/integration/lib/python3.10/site-packages/_pytest/runner.py\", line 165, in pytest_runtest_setup\n    item.session._setupstate.setup(item)\n  File \"/home/runner/work/smtp-integrator-operator/smtp-integrator-operator/.tox/integration/lib/python3.10/site-packages/_pytest/runner.py\", line 523, in setup\n    col.setup()\n  File \"/home/runner/work/smtp-integrator-operator/smtp-integrator-operator/.tox/integration/lib/python3.10/site-packages/_pytest/python.py\", line 1723, in setup\n    self._request._fillfixtures()\n  File \"/home/runner/work/smtp-integrator-operator/smtp-integrator-operator/.tox/integration/lib/python3.10/site-packages/_pytest/fixtures.py\", line 707, in _fillfixtures\n    item.funcargs[argname] = self.getfixturevalue(argname)\n  File \"/home/runner/work/smtp-integrator-operator/smtp-integrator-operator/.tox/integration/lib/python3.10/site-packages/_pytest/fixtures.py\", line 539, in getfixturevalue\n    fixturedef = self._get_active_fixturedef(argname)\n  File \"/home/runner/work/smtp-integrator-operator/smtp-integrator-operator/.tox/integration/lib/python3.10/site-packages/_pytest/fixtures.py\", line 627, in _get_active_fixturedef\n    fixturedef.execute(request=subrequest)\n  File \"/home/runner/work/smtp-integrator-operator/smtp-integrator-operator/.tox/integration/lib/python3.10/site-packages/_pytest/fixtures.py\", line 1091, in execute\n    raise exc.with_traceback(exc_tb)\n  File \"/home/runner/work/smtp-integrator-operator/smtp-integrator-operator/.tox/integration/lib/python3.10/site-packages/_pytest/fixtures.py\", line 1202, in pytest_fixture_setup\n    result = call_fixture_func(fixturefunc, request, kwargs)\n  File \"/home/runner/work/smtp-integrator-operator/smtp-integrator-operator/.tox/integration/lib/python3.10/site-packages/_pytest/fixtures.py\", line 915, in call_fixture_func\n    fixture_result = fixturefunc(**kwargs)\n  File \"/home/runner/work/smtp-integrator-operator/smtp-integrator-operator/.tox/integration/lib/python3.10/site-packages/pytest_asyncio/plugin.py\", line 302, in _asyncgen_fixture_wrapper\n    result = event_loop.run_until_complete(setup())\n  File \"/usr/lib/python3.10/asyncio/base_events.py\", line 649, in run_until_complete\n    return future.result()\n  File \"/home/runner/work/smtp-integrator-operator/smtp-integrator-operator/.tox/integration/lib/python3.10/site-packages/pytest_asyncio/plugin.py\", line 284, in setup\n    res = await gen_obj.__anext__()\n  File \"/home/runner/work/smtp-integrator-operator/smtp-integrator-operator/tests/integration/conftest.py\", line 52, in any_charm\n    application = await ops_test.model.deploy(\n  File \"/home/runner/work/smtp-integrator-operator/smtp-integrator-operator/.tox/integration/lib/python3.10/site-packages/juju/model.py\", line 1731, in deploy\n    res = await self.deploy_types[str(url.schema)].resolve(url, architecture,\n  File \"/home/runner/work/smtp-integrator-operator/smtp-integrator-operator/.tox/integration/lib/python3.10/site-packages/juju/model.py\", line 537, in resolve\n    charm_url, origin = await self.charm_resolver(url, origin, force, series, model_conf)\n  File \"/home/runner/work/smtp-integrator-operator/smtp-integrator-operator/.tox/integration/lib/python3.10/site-packages/juju/model.py\", line 1901, in _resolve_charm\n    result.charm_origin.base = utils.get_base_from_origin_or_channel(resolved_origin, selected_series)\n  File \"/home/runner/work/smtp-integrator-operator/smtp-integrator-operator/.tox/integration/lib/python3.10/site-packages/juju/utils.py\", line 454, in get_base_from_origin_or_channel\n    channel = base_channel_from_series(origin_or_channel.track, origin_or_channel.risk, series)\n  File \"/home/runner/work/smtp-integrator-operator/smtp-integrator-operator/.tox/integration/lib/python3.10/site-packages/juju/utils.py\", line 442, in base_channel_from_series\n    return origin.Channel(track=track, risk=risk).normalize().compute_base_channel(series=series)\n  File \"/home/runner/work/smtp-integrator-operator/smtp-integrator-operator/.tox/integration/lib/python3.10/site-packages/juju/origin.py\", line 125, in compute_base_channel\n    tr = utils.get_series_version(series)\n  File \"/home/runner/work/smtp-integrator-operator/smtp-integrator-operator/.tox/integration/lib/python3.10/site-packages/juju/utils.py\", line 349, in get_series_version\n    raise errors.JujuError(\"Unknown series : %s\", series_name)\njuju.errors.JujuError: ('Unknown series : %s', 'noble')","flaky":false,"newFailed":false,"newBroken":false,"newPassed":false,"retriesCount":1,"retriesStatusChange":true,"beforeStages":[{"name":"event_loop","time":{"start":1764064874600,"stop":1764064874601,"duration":1},"status":"passed","steps":[],"attachments":[],"parameters":[],"shouldDisplayMessage":false,"stepsCount":0,"attachmentsCount":0,"hasContent":false,"attachmentStep":false},{"name":"ops_test","time":{"start":1764064874601,"stop":1764064874912,"duration":311},"status":"passed","steps":[],"attachments":[],"parameters":[],"shouldDisplayMessage":false,"stepsCount":0,"attachmentsCount":0,"hasContent":false,"attachmentStep":false},{"name":"pytestconfig","time":{"start":1764064874601,"stop":1764064874601,"duration":0},"status":"passed","steps":[],"attachments":[],"parameters":[],"shouldDisplayMessage":false,"stepsCount":0,"attachmentsCount":0,"hasContent":false,"attachmentStep":false},{"name":"tmp_path_factory","time":{"start":1764064874601,"stop":1764064874601,"duration":0},"status":"passed","steps":[],"attachments":[],"parameters":[],"shouldDisplayMessage":false,"stepsCount":0,"attachmentsCount":0,"hasContent":false,"attachmentStep":false},{"name":"app_name","time":{"start":1764064874913,"stop":1764064874915,"duration":2},"status":"passed","steps":[],"attachments":[],"parameters":[],"shouldDisplayMessage":false,"stepsCount":0,"attachmentsCount":0,"hasContent":false,"attachmentStep":false},{"name":"app","time":{"start":1764064874915,"stop":1764064877588,"duration":2673},"status":"passed","steps":[],"attachments":[],"parameters":[],"shouldDisplayMessage":false,"stepsCount":0,"attachmentsCount":0,"hasContent":false,"attachmentStep":false},{"name":"any_charm","time":{"start":1764064917762,"stop":1764064918906,"duration":1144},"status":"broken","statusMessage":"juju.errors.JujuError: ('Unknown series : %s', 'noble')\n","statusTrace":"  File \"/home/runner/work/smtp-integrator-operator/smtp-integrator-operator/.tox/integration/lib/python3.10/site-packages/pluggy/_callers.py\", line 38, in run_old_style_hookwrapper\n    res = yield\n  File \"/home/runner/work/smtp-integrator-operator/smtp-integrator-operator/.tox/integration/lib/python3.10/site-packages/pluggy/_callers.py\", line 139, in _multicall\n    teardown.throw(exception)\n  File \"/home/runner/work/smtp-integrator-operator/smtp-integrator-operator/.tox/integration/lib/python3.10/site-packages/pluggy/_callers.py\", line 53, in run_old_style_hookwrapper\n    return result.get_result()\n  File \"/home/runner/work/smtp-integrator-operator/smtp-integrator-operator/.tox/integration/lib/python3.10/site-packages/pluggy/_result.py\", line 103, in get_result\n    raise exc.with_traceback(tb)\n  File \"/home/runner/work/smtp-integrator-operator/smtp-integrator-operator/.tox/integration/lib/python3.10/site-packages/pluggy/_callers.py\", line 38, in run_old_style_hookwrapper\n    res = yield\n  File \"/home/runner/work/smtp-integrator-operator/smtp-integrator-operator/.tox/integration/lib/python3.10/site-packages/pluggy/_callers.py\", line 139, in _multicall\n    teardown.throw(exception)\n  File \"/home/runner/work/smtp-integrator-operator/smtp-integrator-operator/.tox/integration/lib/python3.10/site-packages/_pytest/setuponly.py\", line 36, in pytest_fixture_setup\n    return (yield)\n  File \"/home/runner/work/smtp-integrator-operator/smtp-integrator-operator/.tox/integration/lib/python3.10/site-packages/pluggy/_callers.py\", line 121, in _multicall\n    res = hook_impl.function(*args)\n  File \"/home/runner/work/smtp-integrator-operator/smtp-integrator-operator/.tox/integration/lib/python3.10/site-packages/_pytest/fixtures.py\", line 1202, in pytest_fixture_setup\n    result = call_fixture_func(fixturefunc, request, kwargs)\n  File \"/home/runner/work/smtp-integrator-operator/smtp-integrator-operator/.tox/integration/lib/python3.10/site-packages/_pytest/fixtures.py\", line 915, in call_fixture_func\n    fixture_result = fixturefunc(**kwargs)\n  File \"/home/runner/work/smtp-integrator-operator/smtp-integrator-operator/.tox/integration/lib/python3.10/site-packages/pytest_asyncio/plugin.py\", line 302, in _asyncgen_fixture_wrapper\n    result = event_loop.run_until_complete(setup())\n  File \"/usr/lib/python3.10/asyncio/base_events.py\", line 649, in run_until_complete\n    return future.result()\n  File \"/home/runner/work/smtp-integrator-operator/smtp-integrator-operator/.tox/integration/lib/python3.10/site-packages/pytest_asyncio/plugin.py\", line 284, in setup\n    res = await gen_obj.__anext__()\n  File \"/home/runner/work/smtp-integrator-operator/smtp-integrator-operator/tests/integration/conftest.py\", line 52, in any_charm\n    application = await ops_test.model.deploy(\n  File \"/home/runner/work/smtp-integrator-operator/smtp-integrator-operator/.tox/integration/lib/python3.10/site-packages/juju/model.py\", line 1731, in deploy\n    res = await self.deploy_types[str(url.schema)].resolve(url, architecture,\n  File \"/home/runner/work/smtp-integrator-operator/smtp-integrator-operator/.tox/integration/lib/python3.10/site-packages/juju/model.py\", line 537, in resolve\n    charm_url, origin = await self.charm_resolver(url, origin, force, series, model_conf)\n  File \"/home/runner/work/smtp-integrator-operator/smtp-integrator-operator/.tox/integration/lib/python3.10/site-packages/juju/model.py\", line 1901, in _resolve_charm\n    result.charm_origin.base = utils.get_base_from_origin_or_channel(resolved_origin, selected_series)\n  File \"/home/runner/work/smtp-integrator-operator/smtp-integrator-operator/.tox/integration/lib/python3.10/site-packages/juju/utils.py\", line 454, in get_base_from_origin_or_channel\n    channel = base_channel_from_series(origin_or_channel.track, origin_or_channel.risk, series)\n  File \"/home/runner/work/smtp-integrator-operator/smtp-integrator-operator/.tox/integration/lib/python3.10/site-packages/juju/utils.py\", line 442, in base_channel_from_series\n    return origin.Channel(track=track, risk=risk).normalize().compute_base_channel(series=series)\n  File \"/home/runner/work/smtp-integrator-operator/smtp-integrator-operator/.tox/integration/lib/python3.10/site-packages/juju/origin.py\", line 125, in compute_base_channel\n    tr = utils.get_series_version(series)\n  File \"/home/runner/work/smtp-integrator-operator/smtp-integrator-operator/.tox/integration/lib/python3.10/site-packages/juju/utils.py\", line 349, in get_series_version\n    raise errors.JujuError(\"Unknown series : %s\", series_name)\n","steps":[],"attachments":[],"parameters":[],"shouldDisplayMessage":true,"stepsCount":0,"attachmentsCount":0,"hasContent":true,"attachmentStep":false}],"testStage":{"description":"\n    arrange: deploy the charm.\n    act: integrate the charm through the smtp-legacy relation and configure it.\n    assert: the charm reaches active status.\n    ","status":"broken","statusMessage":"juju.errors.JujuError: ('Unknown series : %s', 'noble')","statusTrace":"Traceback (most recent call last):\n  File \"/home/runner/work/smtp-integrator-operator/smtp-integrator-operator/.tox/integration/lib/python3.10/site-packages/_pytest/runner.py\", line 353, in from_call\n    result: TResult | None = func()\n  File \"/home/runner/work/smtp-integrator-operator/smtp-integrator-operator/.tox/integration/lib/python3.10/site-packages/_pytest/runner.py\", line 245, in <lambda>\n    lambda: runtest_hook(item=item, **kwds),\n  File \"/home/runner/work/smtp-integrator-operator/smtp-integrator-operator/.tox/integration/lib/python3.10/site-packages/pluggy/_hooks.py\", line 512, in __call__\n    return self._hookexec(self.name, self._hookimpls.copy(), kwargs, firstresult)\n  File \"/home/runner/work/smtp-integrator-operator/smtp-integrator-operator/.tox/integration/lib/python3.10/site-packages/pluggy/_manager.py\", line 120, in _hookexec\n    return self._inner_hookexec(hook_name, methods, kwargs, firstresult)\n  File \"/home/runner/work/smtp-integrator-operator/smtp-integrator-operator/.tox/integration/lib/python3.10/site-packages/pluggy/_callers.py\", line 167, in _multicall\n    raise exception\n  File \"/home/runner/work/smtp-integrator-operator/smtp-integrator-operator/.tox/integration/lib/python3.10/site-packages/pluggy/_callers.py\", line 139, in _multicall\n    teardown.throw(exception)\n  File \"/home/runner/work/smtp-integrator-operator/smtp-integrator-operator/.tox/integration/lib/python3.10/site-packages/_pytest/logging.py\", line 843, in pytest_runtest_setup\n    yield\n  File \"/home/runner/work/smtp-integrator-operator/smtp-integrator-operator/.tox/integration/lib/python3.10/site-packages/pluggy/_callers.py\", line 139, in _multicall\n    teardown.throw(exception)\n  File \"/home/runner/work/smtp-integrator-operator/smtp-integrator-operator/.tox/integration/lib/python3.10/site-packages/pluggy/_callers.py\", line 53, in run_old_style_hookwrapper\n    return result.get_result()\n  File \"/home/runner/work/smtp-integrator-operator/smtp-integrator-operator/.tox/integration/lib/python3.10/site-packages/pluggy/_result.py\", line 103, in get_result\n    raise exc.with_traceback(tb)\n  File \"/home/runner/work/smtp-integrator-operator/smtp-integrator-operator/.tox/integration/lib/python3.10/site-packages/pluggy/_callers.py\", line 38, in run_old_style_hookwrapper\n    res = yield\n  File \"/home/runner/work/smtp-integrator-operator/smtp-integrator-operator/.tox/integration/lib/python3.10/site-packages/pluggy/_callers.py\", line 139, in _multicall\n    teardown.throw(exception)\n  File \"/home/runner/work/smtp-integrator-operator/smtp-integrator-operator/.tox/integration/lib/python3.10/site-packages/_pytest/capture.py\", line 895, in pytest_runtest_setup\n    return (yield)\n  File \"/home/runner/work/smtp-integrator-operator/smtp-integrator-operator/.tox/integration/lib/python3.10/site-packages/pluggy/_callers.py\", line 121, in _multicall\n    res = hook_impl.function(*args)\n  File \"/home/runner/work/smtp-integrator-operator/smtp-integrator-operator/.tox/integration/lib/python3.10/site-packages/_pytest/runner.py\", line 165, in pytest_runtest_setup\n    item.session._setupstate.setup(item)\n  File \"/home/runner/work/smtp-integrator-operator/smtp-integrator-operator/.tox/integration/lib/python3.10/site-packages/_pytest/runner.py\", line 523, in setup\n    col.setup()\n  File \"/home/runner/work/smtp-integrator-operator/smtp-integrator-operator/.tox/integration/lib/python3.10/site-packages/_pytest/python.py\", line 1723, in setup\n    self._request._fillfixtures()\n  File \"/home/runner/work/smtp-integrator-operator/smtp-integrator-operator/.tox/integration/lib/python3.10/site-packages/_pytest/fixtures.py\", line 707, in _fillfixtures\n    item.funcargs[argname] = self.getfixturevalue(argname)\n  File \"/home/runner/work/smtp-integrator-operator/smtp-integrator-operator/.tox/integration/lib/python3.10/site-packages/_pytest/fixtures.py\", line 539, in getfixturevalue\n    fixturedef = self._get_active_fixturedef(argname)\n  File \"/home/runner/work/smtp-integrator-operator/smtp-integrator-operator/.tox/integration/lib/python3.10/site-packages/_pytest/fixtures.py\", line 627, in _get_active_fixturedef\n    fixturedef.execute(request=subrequest)\n  File \"/home/runner/work/smtp-integrator-operator/smtp-integrator-operator/.tox/integration/lib/python3.10/site-packages/_pytest/fixtures.py\", line 1091, in execute\n    raise exc.with_traceback(exc_tb)\n  File \"/home/runner/work/smtp-integrator-operator/smtp-integrator-operator/.tox/integration/lib/python3.10/site-packages/_pytest/fixtures.py\", line 1202, in pytest_fixture_setup\n    result = call_fixture_func(fixturefunc, request, kwargs)\n  File \"/home/runner/work/smtp-integrator-operator/smtp-integrator-operator/.tox/integration/lib/python3.10/site-packages/_pytest/fixtures.py\", line 915, in call_fixture_func\n    fixture_result = fixturefunc(**kwargs)\n  File \"/home/runner/work/smtp-integrator-operator/smtp-integrator-operator/.tox/integration/lib/python3.10/site-packages/pytest_asyncio/plugin.py\", line 302, in _asyncgen_fixture_wrapper\n    result = event_loop.run_until_complete(setup())\n  File \"/usr/lib/python3.10/asyncio/base_events.py\", line 649, in run_until_complete\n    return future.result()\n  File \"/home/runner/work/smtp-integrator-operator/smtp-integrator-operator/.tox/integration/lib/python3.10/site-packages/pytest_asyncio/plugin.py\", line 284, in setup\n    res = await gen_obj.__anext__()\n  File \"/home/runner/work/smtp-integrator-operator/smtp-integrator-operator/tests/integration/conftest.py\", line 52, in any_charm\n    application = await ops_test.model.deploy(\n  File \"/home/runner/work/smtp-integrator-operator/smtp-integrator-operator/.tox/integration/lib/python3.10/site-packages/juju/model.py\", line 1731, in deploy\n    res = await self.deploy_types[str(url.schema)].resolve(url, architecture,\n  File \"/home/runner/work/smtp-integrator-operator/smtp-integrator-operator/.tox/integration/lib/python3.10/site-packages/juju/model.py\", line 537, in resolve\n    charm_url, origin = await self.charm_resolver(url, origin, force, series, model_conf)\n  File \"/home/runner/work/smtp-integrator-operator/smtp-integrator-operator/.tox/integration/lib/python3.10/site-packages/juju/model.py\", line 1901, in _resolve_charm\n    result.charm_origin.base = utils.get_base_from_origin_or_channel(resolved_origin, selected_series)\n  File \"/home/runner/work/smtp-integrator-operator/smtp-integrator-operator/.tox/integration/lib/python3.10/site-packages/juju/utils.py\", line 454, in get_base_from_origin_or_channel\n    channel = base_channel_from_series(origin_or_channel.track, origin_or_channel.risk, series)\n  File \"/home/runner/work/smtp-integrator-operator/smtp-integrator-operator/.tox/integration/lib/python3.10/site-packages/juju/utils.py\", line 442, in base_channel_from_series\n    return origin.Channel(track=track, risk=risk).normalize().compute_base_channel(series=series)\n  File \"/home/runner/work/smtp-integrator-operator/smtp-integrator-operator/.tox/integration/lib/python3.10/site-packages/juju/origin.py\", line 125, in compute_base_channel\n    tr = utils.get_series_version(series)\n  File \"/home/runner/work/smtp-integrator-operator/smtp-integrator-operator/.tox/integration/lib/python3.10/site-packages/juju/utils.py\", line 349, in get_series_version\n    raise errors.JujuError(\"Unknown series : %s\", series_name)\njuju.errors.JujuError: ('Unknown series : %s', 'noble')","steps":[],"attachments":[{"uid":"928ad691f75247ae","name":"log","source":"928ad691f75247ae.txt","type":"text/plain","size":725}],"parameters":[],"shouldDisplayMessage":true,"stepsCount":0,"attachmentsCount":1,"hasContent":true,"attachmentStep":false},"afterStages":[{"name":"app::finalizer","time":{"start":1764064918924,"stop":1764064918924,"duration":0},"status":"passed","steps":[],"attachments":[],"parameters":[],"shouldDisplayMessage":false,"stepsCount":0,"attachmentsCount":0,"hasContent":false,"attachmentStep":false},{"name":"app_name::0","time":{"start":1764064918925,"stop":1764064918925,"duration":0},"status":"passed","steps":[],"attachments":[],"parameters":[],"shouldDisplayMessage":false,"stepsCount":0,"attachmentsCount":0,"hasContent":false,"attachmentStep":false},{"name":"ops_test::finalizer","time":{"start":1764064918925,"stop":1764064924856,"duration":5931},"status":"passed","steps":[],"attachments":[],"parameters":[],"shouldDisplayMessage":false,"stepsCount":0,"attachmentsCount":0,"hasContent":false,"attachmentStep":false},{"name":"event_loop::2","time":{"start":1764064924856,"stop":1764064924856,"duration":0},"status":"passed","steps":[],"attachments":[],"parameters":[],"shouldDisplayMessage":false,"stepsCount":0,"attachmentsCount":0,"hasContent":false,"attachmentStep":false},{"name":"event_loop::_close_event_loop","time":{"start":1764064924856,"stop":1764064924856,"duration":0},"status":"passed","steps":[],"attachments":[],"parameters":[],"shouldDisplayMessage":false,"stepsCount":0,"attachmentsCount":0,"hasContent":false,"attachmentStep":false},{"name":"event_loop::_provide_clean_event_loop","time":{"start":1764064924857,"stop":1764064924857,"duration":0},"status":"passed","steps":[],"attachments":[],"parameters":[],"shouldDisplayMessage":false,"stepsCount":0,"attachmentsCount":0,"hasContent":false,"attachmentStep":false}],"labels":[{"name":"tag","value":"abort_on_fail"},{"name":"tag","value":"asyncio"},{"name":"parentSuite","value":"tests.integration"},{"name":"suite","value":"test_charm"},{"name":"host","value":"runnervmfxdz0"},{"name":"thread","value":"36881-MainThread"},{"name":"framework","value":"pytest"},{"name":"language","value":"cpython3"},{"name":"package","value":"tests.integration.test_charm"},{"name":"resultFormat","value":"allure2"}],"parameters":[],"links":[],"hidden":false,"retry":false,"extra":{"severity":"normal","retries":[{"uid":"b112d4a84d01cef9","status":"unknown","time":{}}],"categories":[{"name":"Test defects","matchedStatuses":[]}],"history":{"statistic":{"failed":0,"broken":2,"skipped":0,"passed":5,"unknown":1,"total":8},"items":[{"uid":"2c93922864b35528","reportUrl":"../295//#testresult/2c93922864b35528","status":"unknown","time":{}},{"uid":"c0b80eac33851f8e","reportUrl":"../294//#testresult/c0b80eac33851f8e","status":"broken","statusDetails":"juju.errors.JujuError: ('Unknown series : %s', 'noble')","time":{"start":1763441825278,"stop":1763441825278,"duration":0}},{"uid":"f1fe83cb21567e22","reportUrl":"../291//#testresult/f1fe83cb21567e22","status":"passed","time":{"start":1762369255750,"stop":1762369274317,"duration":18567}},{"uid":"ba576d6f663b7b50","reportUrl":"../290//#testresult/ba576d6f663b7b50","status":"passed","time":{"start":1761815419045,"stop":1761815437317,"duration":18272}},{"uid":"c5d0fe06a0210b60","reportUrl":"../287//#testresult/c5d0fe06a0210b60","status":"passed","time":{"start":1761298530320,"stop":1761298549019,"duration":18699}},{"uid":"9c38a17d464867ea","reportUrl":"../286//#testresult/9c38a17d464867ea","status":"passed","time":{"start":1761290191372,"stop":1761290210344,"duration":18972}},{"uid":"1cf5869a6368e856","reportUrl":"../285//#testresult/1cf5869a6368e856","status":"passed","time":{"start":1761047921242,"stop":1761047939213,"duration":17971}}]},"tags":["asyncio","abort_on_fail"]},"source":"da3fa8b61765fe75.json","parameterValues":[]}